INFO - Reading YAML file sol001.yaml
INFO - Reading YAML file sol001.yaml
INFO - Reading YAML file sol001.yaml
INFO - Reading YAML file sol001.yaml
INFO - Reading YAML file sol001.yaml
INFO - Reading YAML file sol001.yaml
INFO - Reading YAML file sol001.yaml
INFO - Reading YAML file sol001.yaml
INFO - Reading YAML file sol001.yaml
INFO - Reading YAML file sol001.yaml
INFO - Reading YAML file sol001.yaml
INFO - Reading YAML file sol001.yaml
INFO - Reading YAML file sol001.yaml
INFO - Reading YAML file sol001.yaml
INFO - Reading YAML file sol001.yaml
INFO - Reading YAML file sol001.yaml
INFO - Reading YAML file sol001.yaml
INFO - Reading YAML file sol001.yaml
INFO - Reading YAML file sol001.yaml
INFO - Reading YAML file sol001.yaml
INFO - Reading YAML file sol001.yaml
INFO - Reading YAML file sol001.yaml
INFO - Reading YAML file sol001.yaml
DEBUG - 7
INFO - Reading YAML file sol001.yaml
DEBUG - 7
DEBUG - 8
INFO - Reading YAML file sol001.yaml
DEBUG - 7
DEBUG - 8
INFO - Reading YAML file sol001.yaml
DEBUG - 7
DEBUG - 8
INFO - Reading YAML file sol001.yaml
DEBUG - 7
DEBUG - 8
INFO - Reading YAML file sol001.yaml
INFO - Reading YAML file sol001.yaml
INFO - Reading YAML file sol001.yaml
INFO - Internal Cp Name : Provider_PNSSM_Internal_emxRouter_CP0
INFO - Internal Cp Name : Provider_PNSSM_Internal_emxRouter_CP1
INFO - External Cp Name : Provider_PNSSM_OAM_CP
INFO - Internal Cp Name : Provider_PNSFE_Internal_DB_CP0
INFO - Internal Cp Name : Provider_PNSFE_Internal_DB_CP1
INFO - Internal Cp Name : Provider_PNSFE_Internal_Tunnel_CP0
INFO - Internal Cp Name : Provider_PNSFE_Internal_Tunnel_CP1
INFO - Internal Cp Name : Provider_PNSFE_Internal_emxRouter_CP0
INFO - Internal Cp Name : Provider_PNSFE_Internal_emxRouter_CP1
INFO - External Cp Name : Provider_PNSFE_OAM_CP
INFO - External Cp Name : Provider_PNSFE_External_AccessSignaling_CP
INFO - External Cp Name : Provider_PNSFE_External_CoreSignaling_CP
INFO - Internal Cp Name : Provider_PNS_Internal_DB_CP0
INFO - Internal Cp Name : Provider_PNS_Internal_DB_CP1
INFO - Internal Cp Name : Provider_PNS_Internal_Tunnel_CP0
INFO - Internal Cp Name : Provider_PNS_Internal_Tunnel_CP1
INFO - Internal Cp Name : Provider_PNS_Internal_emxRouter_CP0
INFO - Internal Cp Name : Provider_PNS_Internal_emxRouter_CP1
INFO - External Cp Name : Provider_PNS_OAM_CP
INFO - Reading YAML file sol001.yaml
INFO - Internal Cp Name : Provider_PNSSM_Internal_emxRouter_CP0
INFO - Internal Cp Name : Provider_PNSSM_Internal_emxRouter_CP1
INFO - External Cp Name : Provider_PNSSM_OAM_CP
INFO - Internal Cp Name : Provider_PNSFE_Internal_DB_CP0
INFO - Internal Cp Name : Provider_PNSFE_Internal_DB_CP1
INFO - Internal Cp Name : Provider_PNSFE_Internal_Tunnel_CP0
INFO - Internal Cp Name : Provider_PNSFE_Internal_Tunnel_CP1
INFO - Internal Cp Name : Provider_PNSFE_Internal_emxRouter_CP0
INFO - Internal Cp Name : Provider_PNSFE_Internal_emxRouter_CP1
INFO - External Cp Name : Provider_PNSFE_OAM_CP
INFO - External Cp Name : Provider_PNSFE_External_AccessSignaling_CP
INFO - External Cp Name : Provider_PNSFE_External_CoreSignaling_CP
INFO - Internal Cp Name : Provider_PNS_Internal_DB_CP0
INFO - Internal Cp Name : Provider_PNS_Internal_DB_CP1
INFO - Internal Cp Name : Provider_PNS_Internal_Tunnel_CP0
INFO - Internal Cp Name : Provider_PNS_Internal_Tunnel_CP1
INFO - Internal Cp Name : Provider_PNS_Internal_emxRouter_CP0
INFO - Internal Cp Name : Provider_PNS_Internal_emxRouter_CP1
INFO - External Cp Name : Provider_PNS_OAM_CP
INFO - Reading YAML file sol001.yaml
INFO - Reading YAML file sol001.yaml
INFO - Internal Cp Name : Provider_PNSSM_Internal_emxRouter_CP0
INFO - Internal Cp Name : Provider_PNSSM_Internal_emxRouter_CP1
INFO - External Cp Name : Provider_PNSSM_OAM_CP
INFO - Internal Cp Name : Provider_PNSFE_Internal_DB_CP0
INFO - Internal Cp Name : Provider_PNSFE_Internal_DB_CP1
INFO - Internal Cp Name : Provider_PNSFE_Internal_Tunnel_CP0
INFO - Internal Cp Name : Provider_PNSFE_Internal_Tunnel_CP1
INFO - Internal Cp Name : Provider_PNSFE_Internal_emxRouter_CP0
INFO - Internal Cp Name : Provider_PNSFE_Internal_emxRouter_CP1
INFO - External Cp Name : Provider_PNSFE_OAM_CP
INFO - External Cp Name : Provider_PNSFE_External_AccessSignaling_CP
INFO - External Cp Name : Provider_PNSFE_External_CoreSignaling_CP
INFO - Internal Cp Name : Provider_PNS_Internal_DB_CP0
INFO - Internal Cp Name : Provider_PNS_Internal_DB_CP1
INFO - Internal Cp Name : Provider_PNS_Internal_Tunnel_CP0
INFO - Internal Cp Name : Provider_PNS_Internal_Tunnel_CP1
INFO - Internal Cp Name : Provider_PNS_Internal_emxRouter_CP0
INFO - Internal Cp Name : Provider_PNS_Internal_emxRouter_CP1
INFO - External Cp Name : Provider_PNS_OAM_CP
INFO - Reading YAML file sol001.yaml
INFO - Internal Cp Name : Provider_PNSSM_Internal_emxRouter_CP0
INFO - Internal Cp Name : Provider_PNSSM_Internal_emxRouter_CP1
INFO - External Cp Name : Provider_PNSSM_OAM_CP
INFO - Internal Cp Name : Provider_PNSFE_Internal_DB_CP0
INFO - Internal Cp Name : Provider_PNSFE_Internal_DB_CP1
INFO - Internal Cp Name : Provider_PNSFE_Internal_Tunnel_CP0
INFO - Internal Cp Name : Provider_PNSFE_Internal_Tunnel_CP1
INFO - Internal Cp Name : Provider_PNSFE_Internal_emxRouter_CP0
INFO - Internal Cp Name : Provider_PNSFE_Internal_emxRouter_CP1
INFO - External Cp Name : Provider_PNSFE_OAM_CP
INFO - External Cp Name : Provider_PNSFE_External_AccessSignaling_CP
INFO - External Cp Name : Provider_PNSFE_External_CoreSignaling_CP
INFO - Internal Cp Name : Provider_PNS_Internal_DB_CP0
INFO - Internal Cp Name : Provider_PNS_Internal_DB_CP1
INFO - Internal Cp Name : Provider_PNS_Internal_Tunnel_CP0
INFO - Internal Cp Name : Provider_PNS_Internal_Tunnel_CP1
INFO - Internal Cp Name : Provider_PNS_Internal_emxRouter_CP0
INFO - Internal Cp Name : Provider_PNS_Internal_emxRouter_CP1
INFO - External Cp Name : Provider_PNS_OAM_CP
INFO - Reading YAML file sol001.yaml
INFO - Internal Cp Name : Provider_PNSSM_Internal_emxRouter_CP0
INFO - Internal Cp Name : Provider_PNSSM_Internal_emxRouter_CP1
INFO - External Cp Name : Provider_PNSSM_OAM_CP
INFO - Internal Cp Name : Provider_PNSFE_Internal_DB_CP0
INFO - Internal Cp Name : Provider_PNSFE_Internal_DB_CP1
INFO - Internal Cp Name : Provider_PNSFE_Internal_Tunnel_CP0
INFO - Internal Cp Name : Provider_PNSFE_Internal_Tunnel_CP1
INFO - Internal Cp Name : Provider_PNSFE_Internal_emxRouter_CP0
INFO - Internal Cp Name : Provider_PNSFE_Internal_emxRouter_CP1
INFO - External Cp Name : Provider_PNSFE_OAM_CP
INFO - External Cp Name : Provider_PNSFE_External_AccessSignaling_CP
INFO - External Cp Name : Provider_PNSFE_External_CoreSignaling_CP
INFO - Internal Cp Name : Provider_PNS_Internal_DB_CP0
INFO - Internal Cp Name : Provider_PNS_Internal_DB_CP1
INFO - Internal Cp Name : Provider_PNS_Internal_Tunnel_CP0
INFO - Internal Cp Name : Provider_PNS_Internal_Tunnel_CP1
INFO - Internal Cp Name : Provider_PNS_Internal_emxRouter_CP0
INFO - Internal Cp Name : Provider_PNS_Internal_emxRouter_CP1
INFO - External Cp Name : Provider_PNS_OAM_CP
INFO - Reading YAML file sol001.yaml
INFO - Internal Cp Name : Provider_PNSSM_Internal_emxRouter_CP0
INFO - Internal Cp Name : Provider_PNSSM_Internal_emxRouter_CP1
INFO - External Cp Name : Provider_PNSSM_OAM_CP
INFO - Internal Cp Name : Provider_PNSFE_Internal_DB_CP0
INFO - Internal Cp Name : Provider_PNSFE_Internal_DB_CP1
INFO - Internal Cp Name : Provider_PNSFE_Internal_Tunnel_CP0
INFO - Internal Cp Name : Provider_PNSFE_Internal_Tunnel_CP1
INFO - Internal Cp Name : Provider_PNSFE_Internal_emxRouter_CP0
INFO - Internal Cp Name : Provider_PNSFE_Internal_emxRouter_CP1
INFO - External Cp Name : Provider_PNSFE_OAM_CP
INFO - External Cp Name : Provider_PNSFE_External_AccessSignaling_CP
INFO - External Cp Name : Provider_PNSFE_External_CoreSignaling_CP
INFO - Internal Cp Name : Provider_PNS_Internal_DB_CP0
INFO - Internal Cp Name : Provider_PNS_Internal_DB_CP1
INFO - Internal Cp Name : Provider_PNS_Internal_Tunnel_CP0
INFO - Internal Cp Name : Provider_PNS_Internal_Tunnel_CP1
INFO - Internal Cp Name : Provider_PNS_Internal_emxRouter_CP0
INFO - Internal Cp Name : Provider_PNS_Internal_emxRouter_CP1
INFO - External Cp Name : Provider_PNS_OAM_CP
INFO - Reading YAML file sol001.yaml
INFO - Internal Cp Name : Provider_PNSSM_Internal_emxRouter_CP0
INFO - Internal Cp Name : Provider_PNSSM_Internal_emxRouter_CP1
INFO - External Cp Name : Provider_PNSSM_OAM_CP
INFO - Internal Cp Name : Provider_PNSFE_Internal_DB_CP0
INFO - Internal Cp Name : Provider_PNSFE_Internal_DB_CP1
INFO - Internal Cp Name : Provider_PNSFE_Internal_Tunnel_CP0
INFO - Internal Cp Name : Provider_PNSFE_Internal_Tunnel_CP1
INFO - Internal Cp Name : Provider_PNSFE_Internal_emxRouter_CP0
INFO - Internal Cp Name : Provider_PNSFE_Internal_emxRouter_CP1
INFO - External Cp Name : Provider_PNSFE_OAM_CP
INFO - External Cp Name : Provider_PNSFE_External_AccessSignaling_CP
INFO - External Cp Name : Provider_PNSFE_External_CoreSignaling_CP
INFO - Internal Cp Name : Provider_PNS_Internal_DB_CP0
INFO - Internal Cp Name : Provider_PNS_Internal_DB_CP1
INFO - Internal Cp Name : Provider_PNS_Internal_Tunnel_CP0
INFO - Internal Cp Name : Provider_PNS_Internal_Tunnel_CP1
INFO - Internal Cp Name : Provider_PNS_Internal_emxRouter_CP0
INFO - Internal Cp Name : Provider_PNS_Internal_emxRouter_CP1
INFO - External Cp Name : Provider_PNS_OAM_CP
INFO - Reading YAML file sol001.yaml
INFO - Internal Cp Name : Provider_PNSSM_Internal_emxRouter_CP0
INFO - Internal Cp Name : Provider_PNSSM_Internal_emxRouter_CP1
INFO - External Cp Name : Provider_PNSSM_OAM_CP
INFO - Internal Cp Name : Provider_PNSFE_Internal_DB_CP0
INFO - Internal Cp Name : Provider_PNSFE_Internal_DB_CP1
INFO - Internal Cp Name : Provider_PNSFE_Internal_Tunnel_CP0
INFO - Internal Cp Name : Provider_PNSFE_Internal_Tunnel_CP1
INFO - Internal Cp Name : Provider_PNSFE_Internal_emxRouter_CP0
INFO - Internal Cp Name : Provider_PNSFE_Internal_emxRouter_CP1
INFO - External Cp Name : Provider_PNSFE_OAM_CP
INFO - External Cp Name : Provider_PNSFE_External_AccessSignaling_CP
INFO - External Cp Name : Provider_PNSFE_External_CoreSignaling_CP
INFO - Internal Cp Name : Provider_PNS_Internal_DB_CP0
INFO - Internal Cp Name : Provider_PNS_Internal_DB_CP1
INFO - Internal Cp Name : Provider_PNS_Internal_Tunnel_CP0
INFO - Internal Cp Name : Provider_PNS_Internal_Tunnel_CP1
INFO - Internal Cp Name : Provider_PNS_Internal_emxRouter_CP0
INFO - Internal Cp Name : Provider_PNS_Internal_emxRouter_CP1
INFO - External Cp Name : Provider_PNS_OAM_CP
INFO - Reading YAML file sol001.yaml
INFO - Internal Cp Name : Provider_PNSSM_Internal_emxRouter_CP0
INFO - Internal Cp Name : Provider_PNSSM_Internal_emxRouter_CP1
INFO - External Cp Name : Provider_PNSSM_OAM_CP
INFO - Internal Cp Name : Provider_PNSFE_Internal_DB_CP0
INFO - Internal Cp Name : Provider_PNSFE_Internal_DB_CP1
INFO - Internal Cp Name : Provider_PNSFE_Internal_Tunnel_CP0
INFO - Internal Cp Name : Provider_PNSFE_Internal_Tunnel_CP1
INFO - Internal Cp Name : Provider_PNSFE_Internal_emxRouter_CP0
INFO - Internal Cp Name : Provider_PNSFE_Internal_emxRouter_CP1
INFO - External Cp Name : Provider_PNSFE_OAM_CP
INFO - External Cp Name : Provider_PNSFE_External_AccessSignaling_CP
INFO - External Cp Name : Provider_PNSFE_External_CoreSignaling_CP
INFO - Internal Cp Name : Provider_PNS_Internal_DB_CP0
INFO - Internal Cp Name : Provider_PNS_Internal_DB_CP1
INFO - Internal Cp Name : Provider_PNS_Internal_Tunnel_CP0
INFO - Internal Cp Name : Provider_PNS_Internal_Tunnel_CP1
INFO - Internal Cp Name : Provider_PNS_Internal_emxRouter_CP0
INFO - Internal Cp Name : Provider_PNS_Internal_emxRouter_CP1
INFO - External Cp Name : Provider_PNS_OAM_CP
INFO - Reading YAML file sol001.yaml
INFO - Internal Cp Name : Provider_PNSSM_Internal_emxRouter_CP0
INFO - Internal Cp Name : Provider_PNSSM_Internal_emxRouter_CP1
INFO - External Cp Name : Provider_PNSSM_OAM_CP
INFO - Internal Cp Name : Provider_PNSFE_Internal_DB_CP0
INFO - Internal Cp Name : Provider_PNSFE_Internal_DB_CP1
INFO - Internal Cp Name : Provider_PNSFE_Internal_Tunnel_CP0
INFO - Internal Cp Name : Provider_PNSFE_Internal_Tunnel_CP1
INFO - Internal Cp Name : Provider_PNSFE_Internal_emxRouter_CP0
INFO - Internal Cp Name : Provider_PNSFE_Internal_emxRouter_CP1
INFO - External Cp Name : Provider_PNSFE_OAM_CP
INFO - External Cp Name : Provider_PNSFE_External_AccessSignaling_CP
INFO - External Cp Name : Provider_PNSFE_External_CoreSignaling_CP
INFO - Internal Cp Name : Provider_PNS_Internal_DB_CP0
INFO - Internal Cp Name : Provider_PNS_Internal_DB_CP1
INFO - Internal Cp Name : Provider_PNS_Internal_Tunnel_CP0
INFO - Internal Cp Name : Provider_PNS_Internal_Tunnel_CP1
INFO - Internal Cp Name : Provider_PNS_Internal_emxRouter_CP0
INFO - Internal Cp Name : Provider_PNS_Internal_emxRouter_CP1
INFO - External Cp Name : Provider_PNS_OAM_CP
INFO - Reading YAML file sol001.yaml
INFO - Internal Cp Name : Provider_PNSSM_Internal_emxRouter_CP0
INFO - Internal Cp Name : Provider_PNSSM_Internal_emxRouter_CP1
INFO - External Cp Name : Provider_PNSSM_OAM_CP
INFO - Internal Cp Name : Provider_PNSFE_Internal_DB_CP0
INFO - Internal Cp Name : Provider_PNSFE_Internal_DB_CP1
INFO - Internal Cp Name : Provider_PNSFE_Internal_Tunnel_CP0
INFO - Internal Cp Name : Provider_PNSFE_Internal_Tunnel_CP1
INFO - Internal Cp Name : Provider_PNSFE_Internal_emxRouter_CP0
INFO - Internal Cp Name : Provider_PNSFE_Internal_emxRouter_CP1
INFO - External Cp Name : Provider_PNSFE_OAM_CP
INFO - External Cp Name : Provider_PNSFE_External_AccessSignaling_CP
INFO - External Cp Name : Provider_PNSFE_External_CoreSignaling_CP
INFO - Internal Cp Name : Provider_PNS_Internal_DB_CP0
INFO - Internal Cp Name : Provider_PNS_Internal_DB_CP1
INFO - Internal Cp Name : Provider_PNS_Internal_Tunnel_CP0
INFO - Internal Cp Name : Provider_PNS_Internal_Tunnel_CP1
INFO - Internal Cp Name : Provider_PNS_Internal_emxRouter_CP0
INFO - Internal Cp Name : Provider_PNS_Internal_emxRouter_CP1
INFO - External Cp Name : Provider_PNS_OAM_CP
INFO - Reading YAML file sol001.yaml
INFO - Internal Cp Name : Provider_PNSSM_Internal_emxRouter_CP0
INFO - Internal Cp Name : Provider_PNSSM_Internal_emxRouter_CP1
INFO - External Cp Name : Provider_PNSSM_OAM_CP
INFO - Internal Cp Name : Provider_PNSFE_Internal_DB_CP0
INFO - Internal Cp Name : Provider_PNSFE_Internal_DB_CP1
INFO - Internal Cp Name : Provider_PNSFE_Internal_Tunnel_CP0
INFO - Internal Cp Name : Provider_PNSFE_Internal_Tunnel_CP1
INFO - Internal Cp Name : Provider_PNSFE_Internal_emxRouter_CP0
INFO - Internal Cp Name : Provider_PNSFE_Internal_emxRouter_CP1
INFO - External Cp Name : Provider_PNSFE_OAM_CP
INFO - External Cp Name : Provider_PNSFE_External_AccessSignaling_CP
INFO - External Cp Name : Provider_PNSFE_External_CoreSignaling_CP
INFO - Internal Cp Name : Provider_PNS_Internal_DB_CP0
INFO - Internal Cp Name : Provider_PNS_Internal_DB_CP1
INFO - Internal Cp Name : Provider_PNS_Internal_Tunnel_CP0
INFO - Internal Cp Name : Provider_PNS_Internal_Tunnel_CP1
INFO - Internal Cp Name : Provider_PNS_Internal_emxRouter_CP0
INFO - Internal Cp Name : Provider_PNS_Internal_emxRouter_CP1
INFO - External Cp Name : Provider_PNS_OAM_CP
INFO - Reading YAML file sol001.yaml
INFO - Internal Cp Name : Provider_WSG_Internal_DB_CP0
INFO - Internal Cp Name : Provider_WSG_Internal_DB_CP1
INFO - Internal Cp Name : Provider_WSG_Internal_Tunnel_CP0
INFO - Internal Cp Name : Provider_WSG_Internal_Tunnel_CP1
INFO - Internal Cp Name : Provider_WSG_Internal_emxRouter_CP0
INFO - Internal Cp Name : Provider_WSG_Internal_emxRouter_CP1
INFO - External Cp Name : Provider_WSG_OAM_CP
INFO - Internal Cp Name : Provider_WSGSM_Internal_emxRouter_CP0
INFO - Internal Cp Name : Provider_WSGSM_Internal_emxRouter_CP1
INFO - External Cp Name : Provider_WSGSM_OAM_CP
INFO - Internal Cp Name : Provider_WSGFE_Internal_Tunnel_CP0
INFO - Internal Cp Name : Provider_WSGFE_Internal_Tunnel_CP1
INFO - Internal Cp Name : Provider_WSGFE_Internal_emxRouter_CP0
INFO - Internal Cp Name : Provider_WSGFE_Internal_emxRouter_CP1
INFO - External Cp Name : Provider_WSGFE_OAM_CP
INFO - External Cp Name : Provider_WSGFE_External_CoreSignaling_CP
